# JRE version: OpenJDK Runtime Environment (8.0_152-b01) (build 1.8.0_152-release-915-b01)
# Java VM: OpenJDK 64-Bit Server VM (25.152-b01 mixed mode windows-amd64 compressed oops)
Heap:
 PSYoungGen      total 199168K, used 102842K [0x00000000e0000000, 0x00000000eeb00000, 0x0000000100000000)
  eden space 173056K, 44% used [0x00000000e0000000,0x00000000e4af23c8,0x00000000ea900000)
  from space 26112K, 99% used [0x00000000ecc00000,0x00000000ee57c708,0x00000000ee580000)
  to   space 33792K, 0% used [0x00000000ea900000,0x00000000ea900000,0x00000000eca00000)
 ParOldGen       total 172032K, used 57425K [0x00000000a0000000, 0x00000000aa800000, 0x00000000e0000000)
  object space 172032K, 33% used [0x00000000a0000000,0x00000000a3814530,0x00000000aa800000)
 Metaspace       used 75872K, capacity 79694K, committed 79960K, reserved 1118208K
  class space    used 9954K, capacity 10821K, committed 10880K, reserved 1048576K
GC Heap History (10 events):
Event: 11.744 GC heap before
{Heap before GC invocations=13 (full 2):
 PSYoungGen      total 171008K, used 84182K [0x00000000e0000000, 0x00000000ed500000, 0x0000000100000000)
  eden space 154624K, 43% used [0x00000000e0000000,0x00000000e423c3f8,0x00000000e9700000)
  from space 16384K, 99% used [0x00000000ead80000,0x00000000ebd794d0,0x00000000ebd80000)
  to   space 23040K, 0% used [0x00000000e9700000,0x00000000e9700000,0x00000000ead80000)
 ParOldGen       total 104448K, used 34417K [0x00000000a0000000, 0x00000000a6600000, 0x00000000e0000000)
  object space 104448K, 32% used [0x00000000a0000000,0x00000000a219c7e0,0x00000000a6600000)
 Metaspace       used 56508K, capacity 58890K, committed 58968K, reserved 1099776K
  class space    used 7725K, capacity 8301K, committed 8320K, reserved 1048576K
Event: 11.773 GC heap after
Heap after GC invocations=13 (full 2):
 PSYoungGen      total 177664K, used 21788K [0x00000000e0000000, 0x00000000efe00000, 0x0000000100000000)
  eden space 154624K, 0% used [0x00000000e0000000,0x00000000e0000000,0x00000000e9700000)
  from space 23040K, 94% used [0x00000000e9700000,0x00000000eac471e8,0x00000000ead80000)
  to   space 25600K, 0% used [0x00000000ee500000,0x00000000ee500000,0x00000000efe00000)
 ParOldGen       total 104448K, used 34425K [0x00000000a0000000, 0x00000000a6600000, 0x00000000e0000000)
  object space 104448K, 32% used [0x00000000a0000000,0x00000000a219e7e0,0x00000000a6600000)
 Metaspace       used 56508K, capacity 58890K, committed 58968K, reserved 1099776K
  class space    used 7725K, capacity 8301K, committed 8320K, reserved 1048576K
}
Event: 11.773 GC heap before
{Heap before GC invocations=14 (full 3):
 PSYoungGen      total 177664K, used 21788K [0x00000000e0000000, 0x00000000efe00000, 0x0000000100000000)
  eden space 154624K, 0% used [0x00000000e0000000,0x00000000e0000000,0x00000000e9700000)
  from space 23040K, 94% used [0x00000000e9700000,0x00000000eac471e8,0x00000000ead80000)
  to   space 25600K, 0% used [0x00000000ee500000,0x00000000ee500000,0x00000000efe00000)
 ParOldGen       total 104448K, used 34425K [0x00000000a0000000, 0x00000000a6600000, 0x00000000e0000000)
  object space 104448K, 32% used [0x00000000a0000000,0x00000000a219e7e0,0x00000000a6600000)
 Metaspace       used 56508K, capacity 58890K, committed 58968K, reserved 1099776K
  class space    used 7725K, capacity 8301K, committed 8320K, reserved 1048576K
Event: 12.063 GC heap after
Heap after GC invocations=14 (full 3):
 PSYoungGen      total 177664K, used 0K [0x00000000e0000000, 0x00000000efe00000, 0x0000000100000000)
  eden space 154624K, 0% used [0x00000000e0000000,0x00000000e0000000,0x00000000e9700000)
  from space 23040K, 0% used [0x00000000e9700000,0x00000000e9700000,0x00000000ead80000)
  to   space 25600K, 0% used [0x00000000ee500000,0x00000000ee500000,0x00000000efe00000)
 ParOldGen       total 172032K, used 47527K [0x00000000a0000000, 0x00000000aa800000, 0x00000000e0000000)
  object space 172032K, 27% used [0x00000000a0000000,0x00000000a2e69f30,0x00000000aa800000)
 Metaspace       used 56508K, capacity 58890K, committed 58968K, reserved 1099776K
  class space    used 7725K, capacity 8301K, committed 8320K, reserved 1048576K
}
Event: 1012.308 GC heap before
{Heap before GC invocations=15 (full 3):
 PSYoungGen      total 177664K, used 154624K [0x00000000e0000000, 0x00000000efe00000, 0x0000000100000000)
  eden space 154624K, 100% used [0x00000000e0000000,0x00000000e9700000,0x00000000e9700000)
  from space 23040K, 0% used [0x00000000e9700000,0x00000000e9700000,0x00000000ead80000)
  to   space 25600K, 0% used [0x00000000ee500000,0x00000000ee500000,0x00000000efe00000)
 ParOldGen       total 172032K, used 47527K [0x00000000a0000000, 0x00000000aa800000, 0x00000000e0000000)
  object space 172032K, 27% used [0x00000000a0000000,0x00000000a2e69f30,0x00000000aa800000)
 Metaspace       used 61328K, capacity 64132K, committed 64472K, reserved 1105920K
  class space    used 8164K, capacity 8844K, committed 8960K, reserved 1048576K
Event: 1012.316 GC heap after
Heap after GC invocations=15 (full 3):
 PSYoungGen      total 190976K, used 7049K [0x00000000e0000000, 0x00000000eec00000, 0x0000000100000000)
  eden space 183808K, 0% used [0x00000000e0000000,0x00000000e0000000,0x00000000eb380000)
  from space 7168K, 98% used [0x00000000ee500000,0x00000000eebe2438,0x00000000eec00000)
  to   space 25600K, 0% used [0x00000000eba00000,0x00000000eba00000,0x00000000ed300000)
 ParOldGen       total 172032K, used 47535K [0x00000000a0000000, 0x00000000aa800000, 0x00000000e0000000)
  object space 172032K, 27% used [0x00000000a0000000,0x00000000a2e6bf30,0x00000000aa800000)
 Metaspace       used 61328K, capacity 64132K, committed 64472K, reserved 1105920K
  class space    used 8164K, capacity 8844K, committed 8960K, reserved 1048576K
}
Event: 4474.766 GC heap before
{Heap before GC invocations=16 (full 3):
 PSYoungGen      total 190976K, used 190857K [0x00000000e0000000, 0x00000000eec00000, 0x0000000100000000)
  eden space 183808K, 100% used [0x00000000e0000000,0x00000000eb380000,0x00000000eb380000)
  from space 7168K, 98% used [0x00000000ee500000,0x00000000eebe2438,0x00000000eec00000)
  to   space 25600K, 0% used [0x00000000eba00000,0x00000000eba00000,0x00000000ed300000)
 ParOldGen       total 172032K, used 47535K [0x00000000a0000000, 0x00000000aa800000, 0x00000000e0000000)
  object space 172032K, 27% used [0x00000000a0000000,0x00000000a2e6bf30,0x00000000aa800000)
 Metaspace       used 67816K, capacity 70990K, committed 71256K, reserved 1110016K
  class space    used 9011K, capacity 9797K, committed 9856K, reserved 1048576K
Event: 4474.783 GC heap after
Heap after GC invocations=16 (full 3):
 PSYoungGen      total 196096K, used 17619K [0x00000000e0000000, 0x00000000ee580000, 0x0000000100000000)
  eden space 178176K, 0% used [0x00000000e0000000,0x00000000e0000000,0x00000000eae00000)
  from space 17920K, 98% used [0x00000000eba00000,0x00000000ecb34eb0,0x00000000ecb80000)
  to   space 26112K, 0% used [0x00000000ecc00000,0x00000000ecc00000,0x00000000ee580000)
 ParOldGen       total 172032K, used 47543K [0x00000000a0000000, 0x00000000aa800000, 0x00000000e0000000)
  object space 172032K, 27% used [0x00000000a0000000,0x00000000a2e6df30,0x00000000aa800000)
 Metaspace       used 67816K, capacity 70990K, committed 71256K, reserved 1110016K
  class space    used 9011K, capacity 9797K, committed 9856K, reserved 1048576K
}
Event: 4477.412 GC heap before
{Heap before GC invocations=17 (full 3):
 PSYoungGen      total 196096K, used 195795K [0x00000000e0000000, 0x00000000ee580000, 0x0000000100000000)
  eden space 178176K, 100% used [0x00000000e0000000,0x00000000eae00000,0x00000000eae00000)
  from space 17920K, 98% used [0x00000000eba00000,0x00000000ecb34eb0,0x00000000ecb80000)
  to   space 26112K, 0% used [0x00000000ecc00000,0x00000000ecc00000,0x00000000ee580000)
 ParOldGen       total 172032K, used 47543K [0x00000000a0000000, 0x00000000aa800000, 0x00000000e0000000)
  object space 172032K, 27% used [0x00000000a0000000,0x00000000a2e6df30,0x00000000aa800000)
 Metaspace       used 73375K, capacity 77018K, committed 77272K, reserved 1116160K
  class space    used 9600K, capacity 10443K, committed 10496K, reserved 1048576K
Event: 4477.441 GC heap after
Heap after GC invocations=17 (full 3):
 PSYoungGen      total 199168K, used 26097K [0x00000000e0000000, 0x00000000eeb00000, 0x0000000100000000)
  eden space 173056K, 0% used [0x00000000e0000000,0x00000000e0000000,0x00000000ea900000)
  from space 26112K, 99% used [0x00000000ecc00000,0x00000000ee57c708,0x00000000ee580000)
  to   space 33792K, 0% used [0x00000000ea900000,0x00000000ea900000,0x00000000eca00000)
 ParOldGen       total 172032K, used 57425K [0x00000000a0000000, 0x00000000aa800000, 0x00000000e0000000)
  object space 172032K, 33% used [0x00000000a0000000,0x00000000a3814530,0x00000000aa800000)
 Metaspace       used 73375K, capacity 77018K, committed 77272K, reserved 1116160K
  class space    used 9600K, capacity 10443K, committed 10496K, reserved 1048576K
}

